<?xml version="1.0" encoding="UTF-8"?>
<coverage generated="1563173154153" clover="3.2.0">
  <project timestamp="1563173154153" name="All files">
    <metrics statements="116" coveredstatements="110" conditionals="66" coveredconditionals="54" methods="13" coveredmethods="13" elements="195" coveredelements="177" complexity="0" loc="116" ncloc="116" packages="1" files="1" classes="1"/>
    <file name="trie.js" path="/Users/memosha/Documents/solve_programming_problems_using_js/common_ds/trie/trie.js">
      <metrics statements="116" coveredstatements="110" conditionals="66" coveredconditionals="54" methods="13" coveredmethods="13"/>
      <line num="1" count="1" type="stmt"/>
      <line num="2" count="15" type="stmt"/>
      <line num="3" count="15" type="stmt"/>
      <line num="4" count="15" type="stmt"/>
      <line num="5" count="15" type="stmt"/>
      <line num="8" count="1" type="stmt"/>
      <line num="9" count="1" type="stmt"/>
      <line num="12" count="1" type="stmt"/>
      <line num="13" count="5" type="cond" truecount="2" falsecount="0"/>
      <line num="14" count="1" type="stmt"/>
      <line num="16" count="4" type="stmt"/>
      <line num="18" count="1" type="stmt"/>
      <line num="19" count="20" type="cond" truecount="4" falsecount="0"/>
      <line num="20" count="4" type="stmt"/>
      <line num="22" count="16" type="stmt"/>
      <line num="23" count="16" type="stmt"/>
      <line num="24" count="16" type="stmt"/>
      <line num="25" count="16" type="cond" truecount="2" falsecount="0"/>
      <line num="26" count="12" type="stmt"/>
      <line num="27" count="12" type="stmt"/>
      <line num="29" count="16" type="stmt"/>
      <line num="30" count="16" type="cond" truecount="2" falsecount="0"/>
      <line num="31" count="4" type="stmt"/>
      <line num="33" count="16" type="stmt"/>
      <line num="35" count="1" type="stmt"/>
      <line num="36" count="4" type="cond" truecount="1" falsecount="1"/>
      <line num="37" count="0" type="stmt"/>
      <line num="39" count="4" type="cond" truecount="1" falsecount="1"/>
      <line num="40" count="4" type="stmt"/>
      <line num="43" count="1" type="stmt"/>
      <line num="44" count="8" type="cond" truecount="3" falsecount="1"/>
      <line num="45" count="0" type="stmt"/>
      <line num="47" count="8" type="stmt"/>
      <line num="48" count="8" type="stmt"/>
      <line num="50" count="8" type="stmt"/>
      <line num="51" count="8" type="cond" truecount="1" falsecount="1"/>
      <line num="52" count="8" type="stmt"/>
      <line num="53" count="8" type="cond" truecount="2" falsecount="0"/>
      <line num="54" count="7" type="cond" truecount="2" falsecount="0"/>
      <line num="55" count="3" type="stmt"/>
      <line num="57" count="4" type="stmt"/>
      <line num="60" count="1" type="cond" truecount="1" falsecount="1"/>
      <line num="61" count="1" type="stmt"/>
      <line num="63" count="0" type="stmt"/>
      <line num="68" count="1" type="stmt"/>
      <line num="69" count="8" type="cond" truecount="2" falsecount="0"/>
      <line num="70" count="1" type="stmt"/>
      <line num="72" count="7" type="stmt"/>
      <line num="74" count="1" type="stmt"/>
      <line num="75" count="21" type="cond" truecount="4" falsecount="0"/>
      <line num="76" count="1" type="stmt"/>
      <line num="78" count="20" type="stmt"/>
      <line num="79" count="20" type="stmt"/>
      <line num="80" count="20" type="cond" truecount="2" falsecount="0"/>
      <line num="81" count="19" type="stmt"/>
      <line num="82" count="19" type="cond" truecount="4" falsecount="0"/>
      <line num="83" count="5" type="stmt"/>
      <line num="85" count="14" type="stmt"/>
      <line num="88" count="1" type="stmt"/>
      <line num="91" count="1" type="stmt"/>
      <line num="92" count="3" type="cond" truecount="1" falsecount="1"/>
      <line num="93" count="0" type="stmt"/>
      <line num="96" count="3" type="stmt"/>
      <line num="97" count="3" type="stmt"/>
      <line num="98" count="3" type="stmt"/>
      <line num="99" count="24" type="stmt"/>
      <line num="100" count="24" type="cond" truecount="2" falsecount="0"/>
      <line num="101" count="7" type="stmt"/>
      <line num="103" count="24" type="stmt"/>
      <line num="104" count="21" type="cond" truecount="1" falsecount="1"/>
      <line num="105" count="21" type="stmt"/>
      <line num="109" count="3" type="stmt"/>
      <line num="111" count="1" type="stmt"/>
      <line num="112" count="1" type="stmt"/>
      <line num="113" count="1" type="stmt"/>
      <line num="114" count="1" type="stmt"/>
      <line num="115" count="1" type="stmt"/>
      <line num="117" count="1" type="stmt"/>
      <line num="118" count="13" type="stmt"/>
      <line num="119" count="12" type="cond" truecount="1" falsecount="1"/>
      <line num="120" count="12" type="stmt"/>
      <line num="121" count="12" type="cond" truecount="2" falsecount="0"/>
      <line num="122" count="4" type="stmt"/>
      <line num="124" count="12" type="stmt"/>
      <line num="125" count="12" type="stmt"/>
      <line num="129" count="1" type="stmt"/>
      <line num="130" count="1" type="cond" truecount="1" falsecount="1"/>
      <line num="131" count="0" type="stmt"/>
      <line num="133" count="1" type="stmt"/>
      <line num="134" count="1" type="stmt"/>
      <line num="135" count="1" type="stmt"/>
      <line num="136" count="1" type="stmt"/>
      <line num="137" count="19" type="stmt"/>
      <line num="138" count="19" type="stmt"/>
      <line num="139" count="19" type="cond" truecount="4" falsecount="0"/>
      <line num="140" count="5" type="stmt"/>
      <line num="142" count="19" type="stmt"/>
      <line num="143" count="12" type="cond" truecount="1" falsecount="1"/>
      <line num="144" count="12" type="stmt"/>
      <line num="148" count="1" type="stmt"/>
      <line num="150" count="1" type="stmt"/>
      <line num="151" count="1" type="cond" truecount="1" falsecount="1"/>
      <line num="152" count="0" type="stmt"/>
      <line num="154" count="1" type="stmt"/>
      <line num="155" count="1" type="stmt"/>
      <line num="156" count="1" type="stmt"/>
      <line num="157" count="1" type="stmt"/>
      <line num="158" count="19" type="stmt"/>
      <line num="159" count="19" type="cond" truecount="2" falsecount="0"/>
      <line num="160" count="19" type="cond" truecount="4" falsecount="0"/>
      <line num="161" count="5" type="stmt"/>
      <line num="163" count="19" type="stmt"/>
      <line num="164" count="12" type="cond" truecount="1" falsecount="1"/>
      <line num="165" count="12" type="stmt"/>
      <line num="169" count="1" type="stmt"/>
      <line num="188" count="1" type="stmt"/>
    </file>
  </project>
</coverage>
