{"/Users/memosha/Documents/solve_programming_problems_using_js/common_ds/trie/trie.js": {"path":"/Users/memosha/Documents/solve_programming_problems_using_js/common_ds/trie/trie.js","statementMap":{"0":{"start":{"line":1,"column":11},"end":{"line":6,"column":1}},"1":{"start":{"line":2,"column":4},"end":{"line":2,"column":21}},"2":{"start":{"line":3,"column":4},"end":{"line":3,"column":24}},"3":{"start":{"line":4,"column":4},"end":{"line":4,"column":22}},"4":{"start":{"line":5,"column":4},"end":{"line":5,"column":23}},"5":{"start":{"line":8,"column":11},"end":{"line":10,"column":1}},"6":{"start":{"line":9,"column":4},"end":{"line":9,"column":29}},"7":{"start":{"line":12,"column":0},"end":{"line":17,"column":2}},"8":{"start":{"line":13,"column":4},"end":{"line":15,"column":5}},"9":{"start":{"line":14,"column":8},"end":{"line":14,"column":20}},"10":{"start":{"line":16,"column":4},"end":{"line":16,"column":35}},"11":{"start":{"line":18,"column":0},"end":{"line":34,"column":2}},"12":{"start":{"line":19,"column":4},"end":{"line":21,"column":5}},"13":{"start":{"line":20,"column":8},"end":{"line":20,"column":20}},"14":{"start":{"line":22,"column":4},"end":{"line":22,"column":20}},"15":{"start":{"line":23,"column":17},"end":{"line":23,"column":31}},"16":{"start":{"line":24,"column":16},"end":{"line":24,"column":37}},"17":{"start":{"line":25,"column":4},"end":{"line":28,"column":5}},"18":{"start":{"line":26,"column":8},"end":{"line":26,"column":33}},"19":{"start":{"line":27,"column":8},"end":{"line":27,"column":38}},"20":{"start":{"line":29,"column":20},"end":{"line":29,"column":37}},"21":{"start":{"line":30,"column":4},"end":{"line":32,"column":5}},"22":{"start":{"line":31,"column":8},"end":{"line":31,"column":28}},"23":{"start":{"line":33,"column":4},"end":{"line":33,"column":36}},"24":{"start":{"line":35,"column":0},"end":{"line":42,"column":2}},"25":{"start":{"line":36,"column":4},"end":{"line":38,"column":5}},"26":{"start":{"line":37,"column":8},"end":{"line":37,"column":15}},"27":{"start":{"line":39,"column":4},"end":{"line":41,"column":5}},"28":{"start":{"line":40,"column":8},"end":{"line":40,"column":42}},"29":{"start":{"line":43,"column":0},"end":{"line":67,"column":2}},"30":{"start":{"line":44,"column":4},"end":{"line":46,"column":5}},"31":{"start":{"line":45,"column":8},"end":{"line":45,"column":15}},"32":{"start":{"line":47,"column":4},"end":{"line":47,"column":20}},"33":{"start":{"line":48,"column":17},"end":{"line":48,"column":31}},"34":{"start":{"line":50,"column":16},"end":{"line":50,"column":37}},"35":{"start":{"line":51,"column":4},"end":{"line":66,"column":5}},"36":{"start":{"line":52,"column":24},"end":{"line":52,"column":41}},"37":{"start":{"line":53,"column":8},"end":{"line":65,"column":9}},"38":{"start":{"line":54,"column":12},"end":{"line":58,"column":13}},"39":{"start":{"line":55,"column":16},"end":{"line":55,"column":45}},"40":{"start":{"line":57,"column":16},"end":{"line":57,"column":51}},"41":{"start":{"line":60,"column":12},"end":{"line":64,"column":13}},"42":{"start":{"line":61,"column":16},"end":{"line":61,"column":45}},"43":{"start":{"line":63,"column":16},"end":{"line":63,"column":37}},"44":{"start":{"line":68,"column":0},"end":{"line":73,"column":2}},"45":{"start":{"line":69,"column":4},"end":{"line":71,"column":5}},"46":{"start":{"line":70,"column":8},"end":{"line":70,"column":21}},"47":{"start":{"line":72,"column":4},"end":{"line":72,"column":43}},"48":{"start":{"line":74,"column":0},"end":{"line":90,"column":2}},"49":{"start":{"line":75,"column":4},"end":{"line":77,"column":5}},"50":{"start":{"line":76,"column":8},"end":{"line":76,"column":21}},"51":{"start":{"line":78,"column":17},"end":{"line":78,"column":31}},"52":{"start":{"line":79,"column":16},"end":{"line":79,"column":37}},"53":{"start":{"line":80,"column":4},"end":{"line":89,"column":5}},"54":{"start":{"line":81,"column":24},"end":{"line":81,"column":41}},"55":{"start":{"line":82,"column":8},"end":{"line":86,"column":9}},"56":{"start":{"line":83,"column":12},"end":{"line":83,"column":24}},"57":{"start":{"line":85,"column":12},"end":{"line":85,"column":52}},"58":{"start":{"line":88,"column":8},"end":{"line":88,"column":21}},"59":{"start":{"line":91,"column":0},"end":{"line":110,"column":2}},"60":{"start":{"line":92,"column":4},"end":{"line":95,"column":5}},"61":{"start":{"line":93,"column":8},"end":{"line":93,"column":47}},"62":{"start":{"line":96,"column":16},"end":{"line":96,"column":27}},"63":{"start":{"line":97,"column":18},"end":{"line":97,"column":19}},"64":{"start":{"line":98,"column":4},"end":{"line":108,"column":5}},"65":{"start":{"line":99,"column":19},"end":{"line":99,"column":32}},"66":{"start":{"line":100,"column":8},"end":{"line":102,"column":9}},"67":{"start":{"line":101,"column":12},"end":{"line":101,"column":22}},"68":{"start":{"line":103,"column":8},"end":{"line":107,"column":9}},"69":{"start":{"line":104,"column":12},"end":{"line":106,"column":13}},"70":{"start":{"line":105,"column":16},"end":{"line":105,"column":49}},"71":{"start":{"line":109,"column":4},"end":{"line":109,"column":19}},"72":{"start":{"line":111,"column":0},"end":{"line":116,"column":2}},"73":{"start":{"line":112,"column":16},"end":{"line":112,"column":18}},"74":{"start":{"line":113,"column":15},"end":{"line":113,"column":17}},"75":{"start":{"line":114,"column":4},"end":{"line":114,"column":43}},"76":{"start":{"line":115,"column":4},"end":{"line":115,"column":17}},"77":{"start":{"line":117,"column":0},"end":{"line":128,"column":2}},"78":{"start":{"line":118,"column":4},"end":{"line":127,"column":5}},"79":{"start":{"line":119,"column":8},"end":{"line":126,"column":9}},"80":{"start":{"line":120,"column":12},"end":{"line":120,"column":26}},"81":{"start":{"line":121,"column":12},"end":{"line":123,"column":13}},"82":{"start":{"line":122,"column":16},"end":{"line":122,"column":33}},"83":{"start":{"line":124,"column":12},"end":{"line":124,"column":62}},"84":{"start":{"line":125,"column":12},"end":{"line":125,"column":54}},"85":{"start":{"line":129,"column":0},"end":{"line":149,"column":2}},"86":{"start":{"line":130,"column":4},"end":{"line":132,"column":5}},"87":{"start":{"line":131,"column":8},"end":{"line":131,"column":49}},"88":{"start":{"line":133,"column":18},"end":{"line":133,"column":31}},"89":{"start":{"line":134,"column":16},"end":{"line":134,"column":36}},"90":{"start":{"line":135,"column":17},"end":{"line":135,"column":19}},"91":{"start":{"line":136,"column":4},"end":{"line":147,"column":5}},"92":{"start":{"line":137,"column":19},"end":{"line":137,"column":32}},"93":{"start":{"line":138,"column":8},"end":{"line":138,"column":45}},"94":{"start":{"line":139,"column":8},"end":{"line":141,"column":9}},"95":{"start":{"line":140,"column":12},"end":{"line":140,"column":32}},"96":{"start":{"line":142,"column":8},"end":{"line":146,"column":9}},"97":{"start":{"line":143,"column":12},"end":{"line":145,"column":13}},"98":{"start":{"line":144,"column":16},"end":{"line":144,"column":49}},"99":{"start":{"line":148,"column":4},"end":{"line":148,"column":38}},"100":{"start":{"line":150,"column":0},"end":{"line":170,"column":2}},"101":{"start":{"line":151,"column":4},"end":{"line":153,"column":5}},"102":{"start":{"line":152,"column":8},"end":{"line":152,"column":49}},"103":{"start":{"line":154,"column":18},"end":{"line":154,"column":32}},"104":{"start":{"line":155,"column":16},"end":{"line":155,"column":36}},"105":{"start":{"line":156,"column":17},"end":{"line":156,"column":19}},"106":{"start":{"line":157,"column":4},"end":{"line":168,"column":5}},"107":{"start":{"line":158,"column":19},"end":{"line":158,"column":32}},"108":{"start":{"line":159,"column":8},"end":{"line":159,"column":73}},"109":{"start":{"line":160,"column":8},"end":{"line":162,"column":9}},"110":{"start":{"line":161,"column":12},"end":{"line":161,"column":32}},"111":{"start":{"line":163,"column":8},"end":{"line":167,"column":9}},"112":{"start":{"line":164,"column":12},"end":{"line":166,"column":13}},"113":{"start":{"line":165,"column":16},"end":{"line":165,"column":49}},"114":{"start":{"line":169,"column":4},"end":{"line":169,"column":25}},"115":{"start":{"line":188,"column":0},"end":{"line":188,"column":22}}},"fnMap":{"0":{"name":"(anonymous_0)","decl":{"start":{"line":1,"column":11},"end":{"line":1,"column":12}},"loc":{"start":{"line":1,"column":27},"end":{"line":6,"column":1}},"line":1},"1":{"name":"(anonymous_1)","decl":{"start":{"line":8,"column":11},"end":{"line":8,"column":12}},"loc":{"start":{"line":8,"column":23},"end":{"line":10,"column":1}},"line":8},"2":{"name":"(anonymous_2)","decl":{"start":{"line":12,"column":21},"end":{"line":12,"column":22}},"loc":{"start":{"line":12,"column":37},"end":{"line":17,"column":1}},"line":12},"3":{"name":"(anonymous_3)","decl":{"start":{"line":18,"column":26},"end":{"line":18,"column":27}},"loc":{"start":{"line":18,"column":48},"end":{"line":34,"column":1}},"line":18},"4":{"name":"(anonymous_4)","decl":{"start":{"line":35,"column":24},"end":{"line":35,"column":25}},"loc":{"start":{"line":35,"column":40},"end":{"line":42,"column":1}},"line":35},"5":{"name":"(anonymous_5)","decl":{"start":{"line":43,"column":29},"end":{"line":43,"column":30}},"loc":{"start":{"line":43,"column":51},"end":{"line":67,"column":1}},"line":43},"6":{"name":"(anonymous_6)","decl":{"start":{"line":68,"column":26},"end":{"line":68,"column":27}},"loc":{"start":{"line":68,"column":42},"end":{"line":73,"column":1}},"line":68},"7":{"name":"(anonymous_7)","decl":{"start":{"line":74,"column":27},"end":{"line":74,"column":28}},"loc":{"start":{"line":74,"column":49},"end":{"line":90,"column":1}},"line":74},"8":{"name":"(anonymous_8)","decl":{"start":{"line":91,"column":28},"end":{"line":91,"column":29}},"loc":{"start":{"line":91,"column":40},"end":{"line":110,"column":1}},"line":91},"9":{"name":"(anonymous_9)","decl":{"start":{"line":111,"column":26},"end":{"line":111,"column":27}},"loc":{"start":{"line":111,"column":38},"end":{"line":116,"column":1}},"line":111},"10":{"name":"(anonymous_10)","decl":{"start":{"line":117,"column":27},"end":{"line":117,"column":28}},"loc":{"start":{"line":117,"column":56},"end":{"line":128,"column":1}},"line":117},"11":{"name":"(anonymous_11)","decl":{"start":{"line":129,"column":23},"end":{"line":129,"column":24}},"loc":{"start":{"line":129,"column":35},"end":{"line":149,"column":1}},"line":129},"12":{"name":"(anonymous_12)","decl":{"start":{"line":150,"column":30},"end":{"line":150,"column":31}},"loc":{"start":{"line":150,"column":42},"end":{"line":170,"column":1}},"line":150}},"branchMap":{"0":{"loc":{"start":{"line":13,"column":4},"end":{"line":15,"column":5}},"type":"if","locations":[{"start":{"line":13,"column":4},"end":{"line":15,"column":5}},{"start":{"line":13,"column":4},"end":{"line":15,"column":5}}],"line":13},"1":{"loc":{"start":{"line":19,"column":4},"end":{"line":21,"column":5}},"type":"if","locations":[{"start":{"line":19,"column":4},"end":{"line":21,"column":5}},{"start":{"line":19,"column":4},"end":{"line":21,"column":5}}],"line":19},"2":{"loc":{"start":{"line":19,"column":8},"end":{"line":19,"column":22}},"type":"binary-expr","locations":[{"start":{"line":19,"column":8},"end":{"line":19,"column":13}},{"start":{"line":19,"column":17},"end":{"line":19,"column":22}}],"line":19},"3":{"loc":{"start":{"line":25,"column":4},"end":{"line":28,"column":5}},"type":"if","locations":[{"start":{"line":25,"column":4},"end":{"line":28,"column":5}},{"start":{"line":25,"column":4},"end":{"line":28,"column":5}}],"line":25},"4":{"loc":{"start":{"line":30,"column":4},"end":{"line":32,"column":5}},"type":"if","locations":[{"start":{"line":30,"column":4},"end":{"line":32,"column":5}},{"start":{"line":30,"column":4},"end":{"line":32,"column":5}}],"line":30},"5":{"loc":{"start":{"line":36,"column":4},"end":{"line":38,"column":5}},"type":"if","locations":[{"start":{"line":36,"column":4},"end":{"line":38,"column":5}},{"start":{"line":36,"column":4},"end":{"line":38,"column":5}}],"line":36},"6":{"loc":{"start":{"line":39,"column":4},"end":{"line":41,"column":5}},"type":"if","locations":[{"start":{"line":39,"column":4},"end":{"line":41,"column":5}},{"start":{"line":39,"column":4},"end":{"line":41,"column":5}}],"line":39},"7":{"loc":{"start":{"line":44,"column":4},"end":{"line":46,"column":5}},"type":"if","locations":[{"start":{"line":44,"column":4},"end":{"line":46,"column":5}},{"start":{"line":44,"column":4},"end":{"line":46,"column":5}}],"line":44},"8":{"loc":{"start":{"line":44,"column":8},"end":{"line":44,"column":22}},"type":"binary-expr","locations":[{"start":{"line":44,"column":8},"end":{"line":44,"column":13}},{"start":{"line":44,"column":17},"end":{"line":44,"column":22}}],"line":44},"9":{"loc":{"start":{"line":51,"column":4},"end":{"line":66,"column":5}},"type":"if","locations":[{"start":{"line":51,"column":4},"end":{"line":66,"column":5}},{"start":{"line":51,"column":4},"end":{"line":66,"column":5}}],"line":51},"10":{"loc":{"start":{"line":53,"column":8},"end":{"line":65,"column":9}},"type":"if","locations":[{"start":{"line":53,"column":8},"end":{"line":65,"column":9}},{"start":{"line":53,"column":8},"end":{"line":65,"column":9}}],"line":53},"11":{"loc":{"start":{"line":54,"column":12},"end":{"line":58,"column":13}},"type":"if","locations":[{"start":{"line":54,"column":12},"end":{"line":58,"column":13}},{"start":{"line":54,"column":12},"end":{"line":58,"column":13}}],"line":54},"12":{"loc":{"start":{"line":60,"column":12},"end":{"line":64,"column":13}},"type":"if","locations":[{"start":{"line":60,"column":12},"end":{"line":64,"column":13}},{"start":{"line":60,"column":12},"end":{"line":64,"column":13}}],"line":60},"13":{"loc":{"start":{"line":69,"column":4},"end":{"line":71,"column":5}},"type":"if","locations":[{"start":{"line":69,"column":4},"end":{"line":71,"column":5}},{"start":{"line":69,"column":4},"end":{"line":71,"column":5}}],"line":69},"14":{"loc":{"start":{"line":75,"column":4},"end":{"line":77,"column":5}},"type":"if","locations":[{"start":{"line":75,"column":4},"end":{"line":77,"column":5}},{"start":{"line":75,"column":4},"end":{"line":77,"column":5}}],"line":75},"15":{"loc":{"start":{"line":75,"column":8},"end":{"line":75,"column":22}},"type":"binary-expr","locations":[{"start":{"line":75,"column":8},"end":{"line":75,"column":13}},{"start":{"line":75,"column":17},"end":{"line":75,"column":22}}],"line":75},"16":{"loc":{"start":{"line":80,"column":4},"end":{"line":89,"column":5}},"type":"if","locations":[{"start":{"line":80,"column":4},"end":{"line":89,"column":5}},{"start":{"line":80,"column":4},"end":{"line":89,"column":5}}],"line":80},"17":{"loc":{"start":{"line":82,"column":8},"end":{"line":86,"column":9}},"type":"if","locations":[{"start":{"line":82,"column":8},"end":{"line":86,"column":9}},{"start":{"line":82,"column":8},"end":{"line":86,"column":9}}],"line":82},"18":{"loc":{"start":{"line":82,"column":12},"end":{"line":82,"column":38}},"type":"binary-expr","locations":[{"start":{"line":82,"column":12},"end":{"line":82,"column":22}},{"start":{"line":82,"column":26},"end":{"line":82,"column":38}}],"line":82},"19":{"loc":{"start":{"line":92,"column":4},"end":{"line":95,"column":5}},"type":"if","locations":[{"start":{"line":92,"column":4},"end":{"line":95,"column":5}},{"start":{"line":92,"column":4},"end":{"line":95,"column":5}}],"line":92},"20":{"loc":{"start":{"line":100,"column":8},"end":{"line":102,"column":9}},"type":"if","locations":[{"start":{"line":100,"column":8},"end":{"line":102,"column":9}},{"start":{"line":100,"column":8},"end":{"line":102,"column":9}}],"line":100},"21":{"loc":{"start":{"line":104,"column":12},"end":{"line":106,"column":13}},"type":"if","locations":[{"start":{"line":104,"column":12},"end":{"line":106,"column":13}},{"start":{"line":104,"column":12},"end":{"line":106,"column":13}}],"line":104},"22":{"loc":{"start":{"line":119,"column":8},"end":{"line":126,"column":9}},"type":"if","locations":[{"start":{"line":119,"column":8},"end":{"line":126,"column":9}},{"start":{"line":119,"column":8},"end":{"line":126,"column":9}}],"line":119},"23":{"loc":{"start":{"line":121,"column":12},"end":{"line":123,"column":13}},"type":"if","locations":[{"start":{"line":121,"column":12},"end":{"line":123,"column":13}},{"start":{"line":121,"column":12},"end":{"line":123,"column":13}}],"line":121},"24":{"loc":{"start":{"line":130,"column":4},"end":{"line":132,"column":5}},"type":"if","locations":[{"start":{"line":130,"column":4},"end":{"line":132,"column":5}},{"start":{"line":130,"column":4},"end":{"line":132,"column":5}}],"line":130},"25":{"loc":{"start":{"line":139,"column":8},"end":{"line":141,"column":9}},"type":"if","locations":[{"start":{"line":139,"column":8},"end":{"line":141,"column":9}},{"start":{"line":139,"column":8},"end":{"line":141,"column":9}}],"line":139},"26":{"loc":{"start":{"line":139,"column":12},"end":{"line":139,"column":44}},"type":"binary-expr","locations":[{"start":{"line":139,"column":12},"end":{"line":139,"column":28}},{"start":{"line":139,"column":32},"end":{"line":139,"column":44}}],"line":139},"27":{"loc":{"start":{"line":143,"column":12},"end":{"line":145,"column":13}},"type":"if","locations":[{"start":{"line":143,"column":12},"end":{"line":145,"column":13}},{"start":{"line":143,"column":12},"end":{"line":145,"column":13}}],"line":143},"28":{"loc":{"start":{"line":151,"column":4},"end":{"line":153,"column":5}},"type":"if","locations":[{"start":{"line":151,"column":4},"end":{"line":153,"column":5}},{"start":{"line":151,"column":4},"end":{"line":153,"column":5}}],"line":151},"29":{"loc":{"start":{"line":159,"column":42},"end":{"line":159,"column":71}},"type":"cond-expr","locations":[{"start":{"line":159,"column":63},"end":{"line":159,"column":66}},{"start":{"line":159,"column":69},"end":{"line":159,"column":71}}],"line":159},"30":{"loc":{"start":{"line":160,"column":8},"end":{"line":162,"column":9}},"type":"if","locations":[{"start":{"line":160,"column":8},"end":{"line":162,"column":9}},{"start":{"line":160,"column":8},"end":{"line":162,"column":9}}],"line":160},"31":{"loc":{"start":{"line":160,"column":12},"end":{"line":160,"column":44}},"type":"binary-expr","locations":[{"start":{"line":160,"column":12},"end":{"line":160,"column":28}},{"start":{"line":160,"column":32},"end":{"line":160,"column":44}}],"line":160},"32":{"loc":{"start":{"line":164,"column":12},"end":{"line":166,"column":13}},"type":"if","locations":[{"start":{"line":164,"column":12},"end":{"line":166,"column":13}},{"start":{"line":164,"column":12},"end":{"line":166,"column":13}}],"line":164}},"s":{"0":1,"1":15,"2":15,"3":15,"4":15,"5":1,"6":1,"7":1,"8":5,"9":1,"10":4,"11":1,"12":20,"13":4,"14":16,"15":16,"16":16,"17":16,"18":12,"19":12,"20":16,"21":16,"22":4,"23":16,"24":1,"25":4,"26":0,"27":4,"28":4,"29":1,"30":8,"31":0,"32":8,"33":8,"34":8,"35":8,"36":8,"37":8,"38":7,"39":3,"40":4,"41":1,"42":1,"43":0,"44":1,"45":8,"46":1,"47":7,"48":1,"49":21,"50":1,"51":20,"52":20,"53":20,"54":19,"55":19,"56":5,"57":14,"58":1,"59":1,"60":3,"61":0,"62":3,"63":3,"64":3,"65":24,"66":24,"67":7,"68":24,"69":21,"70":21,"71":3,"72":1,"73":1,"74":1,"75":1,"76":1,"77":1,"78":13,"79":12,"80":12,"81":12,"82":4,"83":12,"84":12,"85":1,"86":1,"87":0,"88":1,"89":1,"90":1,"91":1,"92":19,"93":19,"94":19,"95":5,"96":19,"97":12,"98":12,"99":1,"100":1,"101":1,"102":0,"103":1,"104":1,"105":1,"106":1,"107":19,"108":19,"109":19,"110":5,"111":19,"112":12,"113":12,"114":1,"115":1},"f":{"0":15,"1":1,"2":5,"3":20,"4":4,"5":8,"6":8,"7":21,"8":3,"9":1,"10":13,"11":1,"12":1},"b":{"0":[1,4],"1":[4,16],"2":[20,20],"3":[12,4],"4":[4,12],"5":[0,4],"6":[4,0],"7":[0,8],"8":[8,8],"9":[8,0],"10":[7,1],"11":[3,4],"12":[1,0],"13":[1,7],"14":[1,20],"15":[21,21],"16":[19,1],"17":[5,14],"18":[19,5],"19":[0,3],"20":[7,17],"21":[21,0],"22":[12,0],"23":[4,8],"24":[0,1],"25":[5,14],"26":[19,6],"27":[12,0],"28":[0,1],"29":[13,6],"30":[5,14],"31":[19,6],"32":[12,0]},"_coverageSchema":"43e27e138ebf9cfc5966b082cf9a028302ed4184","hash":"afdd7045e60aad3f83f346c8e889f73e7949a91d"}
}
