TN:
SF:/Users/memosha/Documents/solve_programming_problems_using_js/common_ds/trie/trie.js
FN:1,(anonymous_0)
FN:8,(anonymous_1)
FN:12,(anonymous_2)
FN:18,(anonymous_3)
FN:35,(anonymous_4)
FN:43,(anonymous_5)
FN:68,(anonymous_6)
FN:74,(anonymous_7)
FN:91,(anonymous_8)
FN:111,(anonymous_9)
FN:117,(anonymous_10)
FN:129,(anonymous_11)
FN:150,(anonymous_12)
FNF:13
FNH:13
FNDA:15,(anonymous_0)
FNDA:1,(anonymous_1)
FNDA:5,(anonymous_2)
FNDA:20,(anonymous_3)
FNDA:4,(anonymous_4)
FNDA:8,(anonymous_5)
FNDA:8,(anonymous_6)
FNDA:21,(anonymous_7)
FNDA:3,(anonymous_8)
FNDA:1,(anonymous_9)
FNDA:13,(anonymous_10)
FNDA:1,(anonymous_11)
FNDA:1,(anonymous_12)
DA:1,1
DA:2,15
DA:3,15
DA:4,15
DA:5,15
DA:8,1
DA:9,1
DA:12,1
DA:13,5
DA:14,1
DA:16,4
DA:18,1
DA:19,20
DA:20,4
DA:22,16
DA:23,16
DA:24,16
DA:25,16
DA:26,12
DA:27,12
DA:29,16
DA:30,16
DA:31,4
DA:33,16
DA:35,1
DA:36,4
DA:37,0
DA:39,4
DA:40,4
DA:43,1
DA:44,8
DA:45,0
DA:47,8
DA:48,8
DA:50,8
DA:51,8
DA:52,8
DA:53,8
DA:54,7
DA:55,3
DA:57,4
DA:60,1
DA:61,1
DA:63,0
DA:68,1
DA:69,8
DA:70,1
DA:72,7
DA:74,1
DA:75,21
DA:76,1
DA:78,20
DA:79,20
DA:80,20
DA:81,19
DA:82,19
DA:83,5
DA:85,14
DA:88,1
DA:91,1
DA:92,3
DA:93,0
DA:96,3
DA:97,3
DA:98,3
DA:99,24
DA:100,24
DA:101,7
DA:103,24
DA:104,21
DA:105,21
DA:109,3
DA:111,1
DA:112,1
DA:113,1
DA:114,1
DA:115,1
DA:117,1
DA:118,13
DA:119,12
DA:120,12
DA:121,12
DA:122,4
DA:124,12
DA:125,12
DA:129,1
DA:130,1
DA:131,0
DA:133,1
DA:134,1
DA:135,1
DA:136,1
DA:137,19
DA:138,19
DA:139,19
DA:140,5
DA:142,19
DA:143,12
DA:144,12
DA:148,1
DA:150,1
DA:151,1
DA:152,0
DA:154,1
DA:155,1
DA:156,1
DA:157,1
DA:158,19
DA:159,19
DA:160,19
DA:161,5
DA:163,19
DA:164,12
DA:165,12
DA:169,1
DA:188,1
LF:116
LH:110
BRDA:13,0,0,1
BRDA:13,0,1,4
BRDA:19,1,0,4
BRDA:19,1,1,16
BRDA:19,2,0,20
BRDA:19,2,1,20
BRDA:25,3,0,12
BRDA:25,3,1,4
BRDA:30,4,0,4
BRDA:30,4,1,12
BRDA:36,5,0,0
BRDA:36,5,1,4
BRDA:39,6,0,4
BRDA:39,6,1,0
BRDA:44,7,0,0
BRDA:44,7,1,8
BRDA:44,8,0,8
BRDA:44,8,1,8
BRDA:51,9,0,8
BRDA:51,9,1,0
BRDA:53,10,0,7
BRDA:53,10,1,1
BRDA:54,11,0,3
BRDA:54,11,1,4
BRDA:60,12,0,1
BRDA:60,12,1,0
BRDA:69,13,0,1
BRDA:69,13,1,7
BRDA:75,14,0,1
BRDA:75,14,1,20
BRDA:75,15,0,21
BRDA:75,15,1,21
BRDA:80,16,0,19
BRDA:80,16,1,1
BRDA:82,17,0,5
BRDA:82,17,1,14
BRDA:82,18,0,19
BRDA:82,18,1,5
BRDA:92,19,0,0
BRDA:92,19,1,3
BRDA:100,20,0,7
BRDA:100,20,1,17
BRDA:104,21,0,21
BRDA:104,21,1,0
BRDA:119,22,0,12
BRDA:119,22,1,0
BRDA:121,23,0,4
BRDA:121,23,1,8
BRDA:130,24,0,0
BRDA:130,24,1,1
BRDA:139,25,0,5
BRDA:139,25,1,14
BRDA:139,26,0,19
BRDA:139,26,1,6
BRDA:143,27,0,12
BRDA:143,27,1,0
BRDA:151,28,0,0
BRDA:151,28,1,1
BRDA:159,29,0,13
BRDA:159,29,1,6
BRDA:160,30,0,5
BRDA:160,30,1,14
BRDA:160,31,0,19
BRDA:160,31,1,6
BRDA:164,32,0,12
BRDA:164,32,1,0
BRF:66
BRH:54
end_of_record
